<?xml version="1.0" encoding="UTF-8"?>
<!-- Generated by org.testng.reporters.JUnitReportReporter -->
<testsuite hostname="DESKTOP-JBGQ09U" name="com.qa.restAPI.responseGetValues" tests="1" failures="0" timestamp="5 May 2020 16:04:58 GMT" time="2.497" errors="0">
  <testcase name="getResponseData" time="2.497" classname="com.qa.restAPI.responseGetValues"/>
</testsuite> <!-- com.qa.restAPI.responseGetValues -->
