<?xml version="1.0" encoding="UTF-8"?>
<!-- Generated by org.testng.reporters.JUnitReportReporter -->
<testsuite hostname="DESKTOP-JBGQ09U" name="com.qa.restAPI.responseGetValues2" tests="2" failures="0" timestamp="5 May 2020 16:37:24 GMT" time="3.041" errors="0">
  <testcase name="isNameAlphaNameTest" time="0.429" classname="com.qa.restAPI.responseGetValues2"/>
  <testcase name="isLastNameAlphaTest" time="2.612" classname="com.qa.restAPI.responseGetValues2"/>
</testsuite> <!-- com.qa.restAPI.responseGetValues2 -->
